<?xml version="1.0" encoding="UTF-8"?>
<!-- Generated by org.testng.reporters.JUnitReportReporter -->
<testsuite hostname="DESKTOP-RGULHIU" failures="0" tests="3" name="tests.BookingTests" time="5.889" errors="0" timestamp="2024-12-06T00:59:13 EET" skipped="0">
  <testcase classname="tests.BookingTests" name="testAddBooking" time="3.832"/>
  <system-out/>
  <testcase classname="tests.BookingTests" name="testGetBooking" time="1.049"/>
  <system-out/>
  <testcase classname="tests.BookingTests" name="testNegativeCase" time="1.008"/>
  <system-out/>
</testsuite> <!-- tests.BookingTests -->
